0 info it worked if it ends with ok
1 verbose cli [ 'C:\\Program Files\\nodejs\\node.exe',
1 verbose cli   'C:\\Program Files\\nodejs\\node_modules\\npm\\bin\\npm-cli.js',
1 verbose cli   'run',
1 verbose cli   'startDev' ]
2 info using npm@3.10.9
3 info using node@v6.9.2
4 verbose run-script [ 'prestartDev', 'startDev', 'poststartDev' ]
5 info lifecycle node-reporting-ui@1.0.0~prestartDev: node-reporting-ui@1.0.0
6 silly lifecycle node-reporting-ui@1.0.0~prestartDev: no script for prestartDev, continuing
7 info lifecycle node-reporting-ui@1.0.0~startDev: node-reporting-ui@1.0.0
8 verbose lifecycle node-reporting-ui@1.0.0~startDev: unsafe-perm in lifecycle true
9 verbose lifecycle node-reporting-ui@1.0.0~startDev: PATH: C:\Program Files\nodejs\node_modules\npm\bin\node-gyp-bin;D:\project\persistent\nustart_sow\node-reporting-ui\branches\dashboardPack\node_modules\.bin;C:\Program Files (x86)\Intel\iCLS Client\;C:\Program Files\Intel\iCLS Client\;C:\WINDOWS\system32;C:\WINDOWS;C:\WINDOWS\System32\Wbem;C:\WINDOWS\System32\WindowsPowerShell\v1.0\;C:\Program Files (x86)\Intel\Intel(R) Management Engine Components\DAL;C:\Program Files\Intel\Intel(R) Management Engine Components\DAL;C:\Program Files (x86)\Intel\Intel(R) Management Engine Components\IPT;C:\Program Files\Intel\Intel(R) Management Engine Components\IPT;C:\Program Files\TortoiseGit\bin;C:\Program Files (x86)\Skype\Phone\;C:\Program Files\nodejs\;C:\Program Files\Git\cmd;C:\Users\abhijeet_deshpande\AppData\Roaming\npm;C:\Program Files (x86)\Microsoft VS Code\bin
10 verbose lifecycle node-reporting-ui@1.0.0~startDev: CWD: D:\project\persistent\nustart_sow\node-reporting-ui\branches\dashboardPack
11 silly lifecycle node-reporting-ui@1.0.0~startDev: Args: [ '/d /s /c', 'better-npm-run startDev' ]
12 silly lifecycle node-reporting-ui@1.0.0~startDev: Returned: code: 3221225786  signal: null
13 info lifecycle node-reporting-ui@1.0.0~startDev: Failed to exec startDev script
14 verbose stack Error: node-reporting-ui@1.0.0 startDev: `better-npm-run startDev`
14 verbose stack Exit status 3221225786
14 verbose stack     at EventEmitter.<anonymous> (C:\Program Files\nodejs\node_modules\npm\lib\utils\lifecycle.js:255:16)
14 verbose stack     at emitTwo (events.js:106:13)
14 verbose stack     at EventEmitter.emit (events.js:191:7)
14 verbose stack     at ChildProcess.<anonymous> (C:\Program Files\nodejs\node_modules\npm\lib\utils\spawn.js:40:14)
14 verbose stack     at emitTwo (events.js:106:13)
14 verbose stack     at ChildProcess.emit (events.js:191:7)
14 verbose stack     at maybeClose (internal/child_process.js:877:16)
14 verbose stack     at Process.ChildProcess._handle.onexit (internal/child_process.js:226:5)
15 verbose pkgid node-reporting-ui@1.0.0
16 verbose cwd D:\project\persistent\nustart_sow\node-reporting-ui\branches\dashboardPack
17 error Windows_NT 10.0.10586
18 error argv "C:\\Program Files\\nodejs\\node.exe" "C:\\Program Files\\nodejs\\node_modules\\npm\\bin\\npm-cli.js" "run" "startDev"
19 error node v6.9.2
20 error npm  v3.10.9
21 error code ELIFECYCLE
22 error node-reporting-ui@1.0.0 startDev: `better-npm-run startDev`
22 error Exit status 3221225786
23 error Failed at the node-reporting-ui@1.0.0 startDev script 'better-npm-run startDev'.
23 error Make sure you have the latest version of node.js and npm installed.
23 error If you do, this is most likely a problem with the node-reporting-ui package,
23 error not with npm itself.
23 error Tell the author that this fails on your system:
23 error     better-npm-run startDev
23 error You can get information on how to open an issue for this project with:
23 error     npm bugs node-reporting-ui
23 error Or if that isn't available, you can get their info via:
23 error     npm owner ls node-reporting-ui
23 error There is likely additional logging output above.
24 verbose exit [ 1, true ]
